[debug] [2020-09-30T07:41:47.646Z] ----------------------------------------------------------------------
[debug] [2020-09-30T07:41:47.648Z] Command:       /usr/bin/node /usr/bin/firebase deploy
[debug] [2020-09-30T07:41:47.648Z] CLI Version:   8.10.0
[debug] [2020-09-30T07:41:47.648Z] Platform:      linux
[debug] [2020-09-30T07:41:47.648Z] Node Version:  v12.18.1
[debug] [2020-09-30T07:41:47.654Z] Time:          Wed Sep 30 2020 13:11:47 GMT+0530 (India Standard Time)
[debug] [2020-09-30T07:41:47.655Z] ----------------------------------------------------------------------
[debug] [2020-09-30T07:41:47.655Z] 
[debug] [2020-09-30T07:41:47.671Z] > command requires scopes: ["email","openid","https://www.googleapis.com/auth/cloudplatformprojects.readonly","https://www.googleapis.com/auth/firebase","https://www.googleapis.com/auth/cloud-platform"]
[debug] [2020-09-30T07:41:47.672Z] > authorizing via signed-in user
[debug] [2020-09-30T07:41:47.672Z] [iam] checking project hurrys-c3677 for permissions ["firebase.projects.get","firebasehosting.sites.update"]
[debug] [2020-09-30T07:41:47.678Z] > refreshing access token with scopes: ["email","https://www.googleapis.com/auth/cloud-platform","https://www.googleapis.com/auth/cloudplatformprojects.readonly","https://www.googleapis.com/auth/firebase","openid"]
[debug] [2020-09-30T07:41:47.678Z] >>> HTTP REQUEST POST https://www.googleapis.com/oauth2/v3/token  
 <request body omitted>
[debug] [2020-09-30T07:41:48.076Z] <<< HTTP RESPONSE 200 {"content-type":"application/json; charset=utf-8","vary":"X-Origin, Referer, Origin,Accept-Encoding","date":"Wed, 30 Sep 2020 07:41:48 GMT","server":"scaffolding on HTTPServer2","cache-control":"private","x-xss-protection":"0","x-frame-options":"SAMEORIGIN","x-content-type-options":"nosniff","alt-svc":"h3-Q050=\":443\"; ma=2592000,h3-29=\":443\"; ma=2592000,h3-27=\":443\"; ma=2592000,h3-T051=\":443\"; ma=2592000,h3-T050=\":443\"; ma=2592000,h3-Q046=\":443\"; ma=2592000,h3-Q043=\":443\"; ma=2592000,quic=\":443\"; ma=2592000; v=\"46,43\"","accept-ranges":"none","transfer-encoding":"chunked"}
[debug] [2020-09-30T07:41:48.102Z] >>> HTTP REQUEST POST https://cloudresourcemanager.googleapis.com/v1/projects/hurrys-c3677:testIamPermissions  
 {"permissions":["firebase.projects.get","firebasehosting.sites.update"]}
[debug] [2020-09-30T07:41:49.829Z] <<< HTTP RESPONSE 200 {"content-type":"application/json; charset=UTF-8","vary":"X-Origin, Referer, Origin,Accept-Encoding","date":"Wed, 30 Sep 2020 07:41:49 GMT","server":"ESF","cache-control":"private","x-xss-protection":"0","x-frame-options":"SAMEORIGIN","x-content-type-options":"nosniff","server-timing":"gfet4t7; dur=1294","alt-svc":"h3-Q050=\":443\"; ma=2592000,h3-29=\":443\"; ma=2592000,h3-27=\":443\"; ma=2592000,h3-T051=\":443\"; ma=2592000,h3-T050=\":443\"; ma=2592000,h3-Q046=\":443\"; ma=2592000,h3-Q043=\":443\"; ma=2592000,quic=\":443\"; ma=2592000; v=\"46,43\"","accept-ranges":"none","transfer-encoding":"chunked"}
[debug] [2020-09-30T07:41:49.835Z] >>> HTTP REQUEST GET https://firebase.googleapis.com/v1beta1/projects/hurrys-c3677  
 
[debug] [2020-09-30T07:41:50.464Z] <<< HTTP RESPONSE 200 {"content-type":"application/json; charset=UTF-8","vary":"X-Origin, Referer, Origin,Accept-Encoding","date":"Wed, 30 Sep 2020 07:41:50 GMT","server":"ESF","cache-control":"private","x-xss-protection":"0","x-frame-options":"SAMEORIGIN","x-content-type-options":"nosniff","alt-svc":"h3-Q050=\":443\"; ma=2592000,h3-29=\":443\"; ma=2592000,h3-27=\":443\"; ma=2592000,h3-T051=\":443\"; ma=2592000,h3-T050=\":443\"; ma=2592000,h3-Q046=\":443\"; ma=2592000,h3-Q043=\":443\"; ma=2592000,quic=\":443\"; ma=2592000; v=\"46,43\"","accept-ranges":"none","transfer-encoding":"chunked"}
[info] 
[info] === Deploying to 'hurrys-c3677'...
[info] 
[info] i  deploying hosting 
[debug] [2020-09-30T07:41:50.476Z] >>> HTTP REQUEST POST https://firebasehosting.googleapis.com/v1beta1/sites/ladningpage/versions  
 {"config":{"rewrites":[{"glob":"**","path":"/index.html"}]},"labels":{"deployment-tool":"cli-firebase"}}
[debug] [2020-09-30T07:41:53.127Z] <<< HTTP RESPONSE 200 {"content-type":"application/json; charset=UTF-8","vary":"X-Origin, Referer, Origin,Accept-Encoding","date":"Wed, 30 Sep 2020 07:41:52 GMT","server":"ESF","cache-control":"private","x-xss-protection":"0","x-frame-options":"SAMEORIGIN","x-content-type-options":"nosniff","alt-svc":"h3-Q050=\":443\"; ma=2592000,h3-29=\":443\"; ma=2592000,h3-27=\":443\"; ma=2592000,h3-T051=\":443\"; ma=2592000,h3-T050=\":443\"; ma=2592000,h3-Q046=\":443\"; ma=2592000,h3-Q043=\":443\"; ma=2592000,quic=\":443\"; ma=2592000; v=\"46,43\"","accept-ranges":"none","transfer-encoding":"chunked"}
[info] i  hosting[ladningpage]: beginning deploy... 
[info] i  hosting[ladningpage]: found 75 files in build 
[debug] [2020-09-30T07:41:54.033Z] [hosting] hash cache [YnVpbGQ] stored for 75 files
[debug] [2020-09-30T07:41:54.033Z] [hosting][hash queue][FINAL] {"max":840,"min":16,"avg":79.30666666666669,"active":0,"complete":75,"success":75,"errored":0,"retried":0,"total":75,"elapsed":855}
[debug] [2020-09-30T07:41:54.034Z] >>> HTTP REQUEST POST https://firebasehosting.googleapis.com/v1beta1/sites/ladningpage/versions/7160079c16958c41:populateFiles  
 <request body omitted>
[debug] [2020-09-30T07:41:56.038Z] <<< HTTP RESPONSE 200 {"content-type":"application/json; charset=UTF-8","vary":"X-Origin, Referer, Origin,Accept-Encoding","date":"Wed, 30 Sep 2020 07:41:55 GMT","server":"ESF","cache-control":"private","x-xss-protection":"0","x-frame-options":"SAMEORIGIN","x-content-type-options":"nosniff","alt-svc":"h3-Q050=\":443\"; ma=2592000,h3-29=\":443\"; ma=2592000,h3-27=\":443\"; ma=2592000,h3-T051=\":443\"; ma=2592000,h3-T050=\":443\"; ma=2592000,h3-Q046=\":443\"; ma=2592000,h3-Q043=\":443\"; ma=2592000,quic=\":443\"; ma=2592000; v=\"46,43\"","accept-ranges":"none","transfer-encoding":"chunked"}
[debug] [2020-09-30T07:41:56.048Z] [hosting][populate queue][FINAL] {"max":2016,"min":2016,"avg":2016,"active":0,"complete":1,"success":1,"errored":0,"retried":0,"total":1,"elapsed":2024}
[debug] [2020-09-30T07:41:56.049Z] [hosting] uploads queued: 6
[debug] [2020-09-30T07:41:58.253Z] [hosting][upload queue][FINAL] {"max":2213,"min":2207,"avg":2210.5,"active":0,"complete":6,"success":6,"errored":0,"retried":0,"total":6,"elapsed":2214}
[info] ✔  hosting[ladningpage]: file upload complete 
[debug] [2020-09-30T07:41:58.255Z] [hosting] deploy completed after 5125ms
[debug] [2020-09-30T07:41:58.625Z] [
  {
    "config": {
      "site": "ladningpage",
      "public": "build",
      "ignore": [
        "firebase.json",
        "**/.*",
        "**/node_modules/**"
      ],
      "rewrites": [
        {
          "source": "**",
          "destination": "/index.html"
        }
      ]
    },
    "site": "ladningpage",
    "version": "sites/ladningpage/versions/7160079c16958c41"
  }
]
[info] i  hosting[ladningpage]: finalizing version... 
[debug] [2020-09-30T07:41:58.628Z] >>> HTTP REQUEST PATCH https://firebasehosting.googleapis.com/v1beta1/sites/ladningpage/versions/7160079c16958c41?updateMask=status  
 {"status":"FINALIZED"}
